<?xml version="1.0" ?>
<coverage branch-rate="0" branches-covered="0" branches-valid="0" complexity="0" line-rate="0.5743" lines-covered="514" lines-valid="895" timestamp="1655250959267" version="6.3.2">
	<!-- Generated by coverage.py: https://coverage.readthedocs.io -->
	<!-- Based on https://raw.githubusercontent.com/cobertura/web/master/htdocs/xml/coverage-04.dtd -->
	<sources>
		<source>/Users/yongmingding/workspace/antrea-longterm/theia-1/plugins/policy-recommendation</source>
	</sources>
	<packages>
		<package branch-rate="0" complexity="0" line-rate="0.5743" name=".">
			<classes>
				<class branch-rate="0" complexity="0" filename="__init__.py" line-rate="1" name="__init__.py">
					<methods/>
					<lines/>
				</class>
				<class branch-rate="0" complexity="0" filename="antrea_crd.py" line-rate="0.5147" name="antrea_crd.py">
					<methods/>
					<lines>
						<line hits="1" number="21"/>
						<line hits="1" number="22"/>
						<line hits="1" number="30"/>
						<line hits="0" number="31"/>
						<line hits="0" number="32"/>
						<line hits="0" number="33"/>
						<line hits="0" number="34"/>
						<line hits="0" number="35"/>
						<line hits="1" number="37"/>
						<line hits="0" number="39"/>
						<line hits="0" number="41"/>
						<line hits="0" number="42"/>
						<line hits="0" number="43"/>
						<line hits="0" number="44"/>
						<line hits="0" number="48"/>
						<line hits="0" number="49"/>
						<line hits="0" number="50"/>
						<line hits="0" number="51"/>
						<line hits="0" number="57"/>
						<line hits="0" number="59"/>
						<line hits="1" number="62"/>
						<line hits="1" number="63"/>
						<line hits="1" number="71"/>
						<line hits="1" number="72"/>
						<line hits="1" number="73"/>
						<line hits="1" number="74"/>
						<line hits="1" number="75"/>
						<line hits="1" number="76"/>
						<line hits="1" number="78"/>
						<line hits="1" number="80"/>
						<line hits="1" number="82"/>
						<line hits="1" number="83"/>
						<line hits="1" number="84"/>
						<line hits="1" number="85"/>
						<line hits="1" number="89"/>
						<line hits="0" number="90"/>
						<line hits="1" number="91"/>
						<line hits="0" number="92"/>
						<line hits="1" number="98"/>
						<line hits="1" number="100"/>
						<line hits="1" number="102"/>
						<line hits="1" number="103"/>
						<line hits="1" number="113"/>
						<line hits="1" number="114"/>
						<line hits="1" number="115"/>
						<line hits="1" number="116"/>
						<line hits="1" number="117"/>
						<line hits="1" number="118"/>
						<line hits="1" number="119"/>
						<line hits="1" number="120"/>
						<line hits="1" number="122"/>
						<line hits="1" number="124"/>
						<line hits="1" number="126"/>
						<line hits="1" number="127"/>
						<line hits="1" number="128"/>
						<line hits="0" number="129"/>
						<line hits="1" number="133"/>
						<line hits="1" number="134"/>
						<line hits="1" number="135"/>
						<line hits="0" number="136"/>
						<line hits="1" number="142"/>
						<line hits="1" number="144"/>
						<line hits="1" number="147"/>
						<line hits="1" number="148"/>
						<line hits="1" number="152"/>
						<line hits="1" number="153"/>
						<line hits="1" number="155"/>
						<line hits="1" number="157"/>
						<line hits="1" number="159"/>
						<line hits="1" number="160"/>
						<line hits="1" number="161"/>
						<line hits="0" number="162"/>
						<line hits="1" number="166"/>
						<line hits="0" number="167"/>
						<line hits="1" number="168"/>
						<line hits="0" number="169"/>
						<line hits="1" number="175"/>
						<line hits="1" number="177"/>
						<line hits="1" number="179"/>
						<line hits="1" number="180"/>
						<line hits="1" number="184"/>
						<line hits="0" number="185"/>
						<line hits="1" number="187"/>
						<line hits="0" number="189"/>
						<line hits="0" number="191"/>
						<line hits="0" number="192"/>
						<line hits="0" number="193"/>
						<line hits="0" number="194"/>
						<line hits="0" number="198"/>
						<line hits="0" number="199"/>
						<line hits="0" number="200"/>
						<line hits="0" number="201"/>
						<line hits="0" number="207"/>
						<line hits="0" number="209"/>
						<line hits="1" number="211"/>
						<line hits="1" number="212"/>
						<line hits="1" number="223"/>
						<line hits="1" number="224"/>
						<line hits="1" number="225"/>
						<line hits="1" number="226"/>
						<line hits="1" number="227"/>
						<line hits="1" number="228"/>
						<line hits="1" number="229"/>
						<line hits="1" number="230"/>
						<line hits="1" number="231"/>
						<line hits="1" number="233"/>
						<line hits="1" number="235"/>
						<line hits="1" number="237"/>
						<line hits="1" number="238"/>
						<line hits="1" number="239"/>
						<line hits="1" number="240"/>
						<line hits="1" number="244"/>
						<line hits="0" number="245"/>
						<line hits="1" number="246"/>
						<line hits="0" number="247"/>
						<line hits="1" number="253"/>
						<line hits="1" number="255"/>
						<line hits="1" number="257"/>
						<line hits="1" number="259"/>
						<line hits="0" number="260"/>
						<line hits="1" number="262"/>
						<line hits="1" number="264"/>
						<line hits="1" number="265"/>
						<line hits="1" number="271"/>
						<line hits="1" number="272"/>
						<line hits="1" number="273"/>
						<line hits="1" number="274"/>
						<line hits="1" number="276"/>
						<line hits="1" number="278"/>
						<line hits="1" number="280"/>
						<line hits="1" number="281"/>
						<line hits="1" number="282"/>
						<line hits="0" number="283"/>
						<line hits="1" number="287"/>
						<line hits="0" number="288"/>
						<line hits="1" number="289"/>
						<line hits="0" number="290"/>
						<line hits="1" number="296"/>
						<line hits="1" number="298"/>
						<line hits="1" number="300"/>
						<line hits="1" number="301"/>
						<line hits="1" number="309"/>
						<line hits="0" number="310"/>
						<line hits="0" number="311"/>
						<line hits="0" number="312"/>
						<line hits="0" number="313"/>
						<line hits="0" number="314"/>
						<line hits="1" number="316"/>
						<line hits="0" number="318"/>
						<line hits="0" number="320"/>
						<line hits="0" number="321"/>
						<line hits="0" number="322"/>
						<line hits="0" number="323"/>
						<line hits="0" number="327"/>
						<line hits="0" number="328"/>
						<line hits="0" number="329"/>
						<line hits="0" number="330"/>
						<line hits="0" number="336"/>
						<line hits="0" number="338"/>
						<line hits="1" number="340"/>
						<line hits="1" number="341"/>
						<line hits="1" number="350"/>
						<line hits="0" number="351"/>
						<line hits="0" number="352"/>
						<line hits="0" number="353"/>
						<line hits="0" number="354"/>
						<line hits="0" number="355"/>
						<line hits="0" number="356"/>
						<line hits="1" number="358"/>
						<line hits="0" number="360"/>
						<line hits="0" number="362"/>
						<line hits="0" number="363"/>
						<line hits="0" number="364"/>
						<line hits="0" number="365"/>
						<line hits="0" number="369"/>
						<line hits="0" number="370"/>
						<line hits="0" number="371"/>
						<line hits="0" number="372"/>
						<line hits="0" number="378"/>
						<line hits="0" number="380"/>
						<line hits="1" number="382"/>
						<line hits="1" number="383"/>
						<line hits="1" number="388"/>
						<line hits="0" number="389"/>
						<line hits="0" number="390"/>
						<line hits="1" number="392"/>
						<line hits="0" number="394"/>
						<line hits="0" number="396"/>
						<line hits="0" number="397"/>
						<line hits="0" number="398"/>
						<line hits="0" number="399"/>
						<line hits="0" number="403"/>
						<line hits="0" number="404"/>
						<line hits="0" number="405"/>
						<line hits="0" number="406"/>
						<line hits="0" number="412"/>
						<line hits="0" number="414"/>
						<line hits="1" number="416"/>
						<line hits="1" number="417"/>
						<line hits="1" number="421"/>
						<line hits="0" number="422"/>
						<line hits="1" number="424"/>
						<line hits="0" number="426"/>
						<line hits="0" number="428"/>
						<line hits="0" number="429"/>
						<line hits="0" number="430"/>
						<line hits="0" number="431"/>
						<line hits="0" number="435"/>
						<line hits="0" number="436"/>
						<line hits="0" number="437"/>
						<line hits="0" number="438"/>
						<line hits="0" number="444"/>
						<line hits="0" number="446"/>
						<line hits="1" number="448"/>
						<line hits="1" number="449"/>
						<line hits="1" number="455"/>
						<line hits="0" number="456"/>
						<line hits="0" number="457"/>
						<line hits="0" number="458"/>
						<line hits="1" number="460"/>
						<line hits="0" number="462"/>
						<line hits="0" number="464"/>
						<line hits="0" number="465"/>
						<line hits="0" number="466"/>
						<line hits="0" number="467"/>
						<line hits="0" number="471"/>
						<line hits="0" number="472"/>
						<line hits="0" number="473"/>
						<line hits="0" number="474"/>
						<line hits="0" number="480"/>
						<line hits="0" number="482"/>
						<line hits="1" number="484"/>
						<line hits="1" number="485"/>
						<line hits="1" number="493"/>
						<line hits="1" number="494"/>
						<line hits="1" number="495"/>
						<line hits="1" number="496"/>
						<line hits="1" number="497"/>
						<line hits="1" number="498"/>
						<line hits="1" number="500"/>
						<line hits="1" number="502"/>
						<line hits="1" number="504"/>
						<line hits="1" number="505"/>
						<line hits="1" number="506"/>
						<line hits="0" number="507"/>
						<line hits="1" number="511"/>
						<line hits="1" number="512"/>
						<line hits="1" number="513"/>
						<line hits="0" number="514"/>
						<line hits="1" number="520"/>
						<line hits="1" number="522"/>
						<line hits="1" number="524"/>
						<line hits="1" number="525"/>
						<line hits="1" number="533"/>
						<line hits="0" number="534"/>
						<line hits="0" number="535"/>
						<line hits="0" number="536"/>
						<line hits="0" number="537"/>
						<line hits="0" number="538"/>
						<line hits="1" number="540"/>
						<line hits="0" number="542"/>
						<line hits="0" number="544"/>
						<line hits="0" number="545"/>
						<line hits="0" number="546"/>
						<line hits="0" number="547"/>
						<line hits="0" number="551"/>
						<line hits="0" number="552"/>
						<line hits="0" number="553"/>
						<line hits="0" number="554"/>
						<line hits="0" number="560"/>
						<line hits="0" number="562"/>
						<line hits="1" number="564"/>
						<line hits="1" number="565"/>
						<line hits="1" number="572"/>
						<line hits="0" number="573"/>
						<line hits="0" number="574"/>
						<line hits="0" number="575"/>
						<line hits="0" number="576"/>
						<line hits="1" number="578"/>
						<line hits="0" number="580"/>
						<line hits="0" number="582"/>
						<line hits="0" number="583"/>
						<line hits="0" number="584"/>
						<line hits="0" number="585"/>
						<line hits="0" number="589"/>
						<line hits="0" number="590"/>
						<line hits="0" number="591"/>
						<line hits="0" number="592"/>
						<line hits="0" number="598"/>
						<line hits="0" number="600"/>
						<line hits="1" number="602"/>
						<line hits="1" number="603"/>
						<line hits="1" number="608"/>
						<line hits="1" number="609"/>
						<line hits="1" number="610"/>
						<line hits="1" number="612"/>
						<line hits="1" number="614"/>
						<line hits="1" number="616"/>
						<line hits="1" number="617"/>
						<line hits="1" number="618"/>
						<line hits="0" number="619"/>
						<line hits="1" number="623"/>
						<line hits="0" number="624"/>
						<line hits="1" number="625"/>
						<line hits="0" number="626"/>
						<line hits="1" number="632"/>
						<line hits="1" number="634"/>
					</lines>
				</class>
				<class branch-rate="0" complexity="0" filename="policy_recommendation_job.py" line-rate="0.4709" name="policy_recommendation_job.py">
					<methods/>
					<lines>
						<line hits="1" number="17"/>
						<line hits="1" number="18"/>
						<line hits="1" number="19"/>
						<line hits="1" number="20"/>
						<line hits="1" number="21"/>
						<line hits="1" number="22"/>
						<line hits="1" number="23"/>
						<line hits="1" number="24"/>
						<line hits="1" number="25"/>
						<line hits="1" number="27"/>
						<line hits="1" number="28"/>
						<line hits="1" number="29"/>
						<line hits="1" number="30"/>
						<line hits="1" number="31"/>
						<line hits="1" number="33"/>
						<line hits="1" number="34"/>
						<line hits="1" number="37"/>
						<line hits="1" number="48"/>
						<line hits="1" number="54"/>
						<line hits="1" number="55"/>
						<line hits="1" number="56"/>
						<line hits="1" number="58"/>
						<line hits="1" number="64"/>
						<line hits="1" number="65"/>
						<line hits="1" number="66"/>
						<line hits="1" number="67"/>
						<line hits="1" number="68"/>
						<line hits="1" number="69"/>
						<line hits="1" number="70"/>
						<line hits="1" number="72"/>
						<line hits="1" number="73"/>
						<line hits="1" number="74"/>
						<line hits="1" number="75"/>
						<line hits="1" number="76"/>
						<line hits="1" number="78"/>
						<line hits="1" number="80"/>
						<line hits="1" number="81"/>
						<line hits="1" number="82"/>
						<line hits="1" number="83"/>
						<line hits="1" number="84"/>
						<line hits="1" number="85"/>
						<line hits="1" number="86"/>
						<line hits="1" number="87"/>
						<line hits="1" number="89"/>
						<line hits="1" number="90"/>
						<line hits="1" number="91"/>
						<line hits="1" number="92"/>
						<line hits="1" number="93"/>
						<line hits="1" number="95"/>
						<line hits="1" number="97"/>
						<line hits="1" number="98"/>
						<line hits="1" number="99"/>
						<line hits="1" number="100"/>
						<line hits="1" number="101"/>
						<line hits="1" number="103"/>
						<line hits="1" number="104"/>
						<line hits="1" number="106"/>
						<line hits="1" number="107"/>
						<line hits="1" number="109"/>
						<line hits="1" number="110"/>
						<line hits="1" number="111"/>
						<line hits="1" number="112"/>
						<line hits="1" number="114"/>
						<line hits="1" number="115"/>
						<line hits="1" number="116"/>
						<line hits="1" number="117"/>
						<line hits="1" number="120"/>
						<line hits="1" number="121"/>
						<line hits="1" number="122"/>
						<line hits="1" number="124"/>
						<line hits="1" number="125"/>
						<line hits="1" number="126"/>
						<line hits="1" number="128"/>
						<line hits="1" number="129"/>
						<line hits="1" number="131"/>
						<line hits="1" number="132"/>
						<line hits="1" number="133"/>
						<line hits="1" number="134"/>
						<line hits="1" number="144"/>
						<line hits="1" number="145"/>
						<line hits="1" number="146"/>
						<line hits="1" number="147"/>
						<line hits="1" number="149"/>
						<line hits="1" number="150"/>
						<line hits="1" number="156"/>
						<line hits="1" number="157"/>
						<line hits="1" number="158"/>
						<line hits="1" number="162"/>
						<line hits="1" number="166"/>
						<line hits="1" number="168"/>
						<line hits="1" number="169"/>
						<line hits="1" number="170"/>
						<line hits="1" number="171"/>
						<line hits="1" number="172"/>
						<line hits="1" number="173"/>
						<line hits="1" number="183"/>
						<line hits="1" number="187"/>
						<line hits="1" number="191"/>
						<line hits="1" number="193"/>
						<line hits="1" number="194"/>
						<line hits="1" number="196"/>
						<line hits="0" number="197"/>
						<line hits="0" number="198"/>
						<line hits="0" number="199"/>
						<line hits="0" number="200"/>
						<line hits="0" number="201"/>
						<line hits="0" number="202"/>
						<line hits="0" number="203"/>
						<line hits="0" number="204"/>
						<line hits="0" number="205"/>
						<line hits="0" number="206"/>
						<line hits="0" number="207"/>
						<line hits="0" number="208"/>
						<line hits="0" number="209"/>
						<line hits="0" number="210"/>
						<line hits="0" number="211"/>
						<line hits="0" number="212"/>
						<line hits="0" number="213"/>
						<line hits="0" number="214"/>
						<line hits="0" number="215"/>
						<line hits="0" number="216"/>
						<line hits="0" number="217"/>
						<line hits="0" number="218"/>
						<line hits="0" number="234"/>
						<line hits="0" number="236"/>
						<line hits="1" number="238"/>
						<line hits="1" number="239"/>
						<line hits="1" number="241"/>
						<line hits="1" number="242"/>
						<line hits="1" number="243"/>
						<line hits="0" number="244"/>
						<line hits="0" number="245"/>
						<line hits="0" number="246"/>
						<line hits="1" number="247"/>
						<line hits="1" number="257"/>
						<line hits="1" number="261"/>
						<line hits="1" number="266"/>
						<line hits="1" number="268"/>
						<line hits="1" number="269"/>
						<line hits="1" number="270"/>
						<line hits="1" number="272"/>
						<line hits="1" number="273"/>
						<line hits="1" number="278"/>
						<line hits="1" number="282"/>
						<line hits="1" number="287"/>
						<line hits="1" number="289"/>
						<line hits="1" number="290"/>
						<line hits="1" number="300"/>
						<line hits="1" number="301"/>
						<line hits="1" number="302"/>
						<line hits="1" number="304"/>
						<line hits="1" number="305"/>
						<line hits="1" number="306"/>
						<line hits="1" number="307"/>
						<line hits="1" number="308"/>
						<line hits="1" number="309"/>
						<line hits="1" number="310"/>
						<line hits="0" number="311"/>
						<line hits="0" number="312"/>
						<line hits="0" number="313"/>
						<line hits="1" number="314"/>
						<line hits="1" number="324"/>
						<line hits="1" number="328"/>
						<line hits="1" number="333"/>
						<line hits="1" number="335"/>
						<line hits="0" number="336"/>
						<line hits="0" number="337"/>
						<line hits="0" number="338"/>
						<line hits="0" number="339"/>
						<line hits="0" number="340"/>
						<line hits="0" number="341"/>
						<line hits="0" number="342"/>
						<line hits="0" number="343"/>
						<line hits="0" number="344"/>
						<line hits="0" number="345"/>
						<line hits="0" number="346"/>
						<line hits="0" number="347"/>
						<line hits="0" number="348"/>
						<line hits="0" number="349"/>
						<line hits="0" number="350"/>
						<line hits="0" number="351"/>
						<line hits="0" number="352"/>
						<line hits="0" number="353"/>
						<line hits="0" number="354"/>
						<line hits="0" number="355"/>
						<line hits="0" number="356"/>
						<line hits="0" number="357"/>
						<line hits="0" number="358"/>
						<line hits="0" number="359"/>
						<line hits="0" number="360"/>
						<line hits="0" number="361"/>
						<line hits="0" number="380"/>
						<line hits="0" number="381"/>
						<line hits="1" number="383"/>
						<line hits="1" number="384"/>
						<line hits="1" number="386"/>
						<line hits="0" number="387"/>
						<line hits="0" number="388"/>
						<line hits="0" number="389"/>
						<line hits="0" number="390"/>
						<line hits="0" number="403"/>
						<line hits="1" number="405"/>
						<line hits="0" number="406"/>
						<line hits="0" number="407"/>
						<line hits="0" number="408"/>
						<line hits="0" number="411"/>
						<line hits="0" number="415"/>
						<line hits="0" number="420"/>
						<line hits="1" number="422"/>
						<line hits="0" number="423"/>
						<line hits="0" number="424"/>
						<line hits="0" number="425"/>
						<line hits="0" number="426"/>
						<line hits="0" number="427"/>
						<line hits="0" number="428"/>
						<line hits="0" number="429"/>
						<line hits="0" number="430"/>
						<line hits="0" number="431"/>
						<line hits="0" number="432"/>
						<line hits="0" number="433"/>
						<line hits="0" number="434"/>
						<line hits="0" number="435"/>
						<line hits="0" number="436"/>
						<line hits="0" number="437"/>
						<line hits="0" number="438"/>
						<line hits="0" number="460"/>
						<line hits="0" number="462"/>
						<line hits="1" number="464"/>
						<line hits="0" number="465"/>
						<line hits="0" number="466"/>
						<line hits="0" number="467"/>
						<line hits="0" number="472"/>
						<line hits="0" number="473"/>
						<line hits="0" number="474"/>
						<line hits="0" number="475"/>
						<line hits="0" number="476"/>
						<line hits="0" number="477"/>
						<line hits="0" number="478"/>
						<line hits="0" number="479"/>
						<line hits="0" number="480"/>
						<line hits="0" number="481"/>
						<line hits="0" number="491"/>
						<line hits="0" number="513"/>
						<line hits="1" number="515"/>
						<line hits="1" number="516"/>
						<line hits="1" number="518"/>
						<line hits="1" number="521"/>
						<line hits="1" number="523"/>
						<line hits="1" number="524"/>
						<line hits="1" number="525"/>
						<line hits="1" number="527"/>
						<line hits="1" number="528"/>
						<line hits="1" number="531"/>
						<line hits="1" number="534"/>
						<line hits="1" number="536"/>
						<line hits="1" number="537"/>
						<line hits="1" number="539"/>
						<line hits="1" number="541"/>
						<line hits="1" number="542"/>
						<line hits="1" number="545"/>
						<line hits="1" number="546"/>
						<line hits="1" number="547"/>
						<line hits="1" number="548"/>
						<line hits="1" number="549"/>
						<line hits="1" number="550"/>
						<line hits="1" number="551"/>
						<line hits="1" number="553"/>
						<line hits="1" number="554"/>
						<line hits="1" number="555"/>
						<line hits="1" number="556"/>
						<line hits="1" number="558"/>
						<line hits="1" number="559"/>
						<line hits="1" number="563"/>
						<line hits="1" number="564"/>
						<line hits="1" number="565"/>
						<line hits="1" number="566"/>
						<line hits="0" number="569"/>
						<line hits="0" number="570"/>
						<line hits="0" number="572"/>
						<line hits="1" number="574"/>
						<line hits="0" number="575"/>
						<line hits="0" number="576"/>
						<line hits="0" number="577"/>
						<line hits="0" number="578"/>
						<line hits="0" number="580"/>
						<line hits="0" number="582"/>
						<line hits="1" number="584"/>
						<line hits="0" number="585"/>
						<line hits="1" number="587"/>
						<line hits="1" number="588"/>
						<line hits="1" number="589"/>
						<line hits="1" number="590"/>
						<line hits="1" number="591"/>
						<line hits="1" number="619"/>
						<line hits="1" number="620"/>
						<line hits="1" number="622"/>
						<line hits="1" number="623"/>
						<line hits="1" number="624"/>
						<line hits="1" number="625"/>
						<line hits="1" number="628"/>
						<line hits="1" number="629"/>
						<line hits="1" number="630"/>
						<line hits="1" number="631"/>
						<line hits="1" number="632"/>
						<line hits="1" number="633"/>
						<line hits="1" number="634"/>
						<line hits="1" number="635"/>
						<line hits="1" number="636"/>
						<line hits="1" number="638"/>
						<line hits="0" number="639"/>
						<line hits="0" number="647"/>
						<line hits="0" number="648"/>
						<line hits="0" number="651"/>
						<line hits="0" number="652"/>
						<line hits="1" number="654"/>
						<line hits="0" number="655"/>
						<line hits="0" number="656"/>
						<line hits="0" number="658"/>
						<line hits="0" number="659"/>
						<line hits="0" number="665"/>
						<line hits="0" number="666"/>
						<line hits="0" number="675"/>
						<line hits="1" number="677"/>
						<line hits="0" number="699"/>
						<line hits="0" number="700"/>
						<line hits="0" number="701"/>
						<line hits="1" number="703"/>
						<line hits="0" number="724"/>
						<line hits="0" number="725"/>
						<line hits="0" number="726"/>
						<line hits="0" number="727"/>
						<line hits="0" number="728"/>
						<line hits="0" number="729"/>
						<line hits="0" number="730"/>
						<line hits="0" number="731"/>
						<line hits="0" number="732"/>
						<line hits="1" number="734"/>
						<line hits="0" number="735"/>
						<line hits="0" number="736"/>
						<line hits="0" number="737"/>
						<line hits="0" number="738"/>
						<line hits="0" number="739"/>
						<line hits="0" number="740"/>
						<line hits="0" number="741"/>
						<line hits="0" number="742"/>
						<line hits="0" number="743"/>
						<line hits="0" number="744"/>
						<line hits="0" number="745"/>
						<line hits="0" number="746"/>
						<line hits="0" number="747"/>
						<line hits="0" number="778"/>
						<line hits="0" number="779"/>
						<line hits="0" number="780"/>
						<line hits="0" number="781"/>
						<line hits="0" number="782"/>
						<line hits="0" number="783"/>
						<line hits="0" number="784"/>
						<line hits="0" number="785"/>
						<line hits="0" number="786"/>
						<line hits="0" number="787"/>
						<line hits="0" number="788"/>
						<line hits="0" number="789"/>
						<line hits="0" number="790"/>
						<line hits="0" number="791"/>
						<line hits="0" number="792"/>
						<line hits="0" number="793"/>
						<line hits="0" number="794"/>
						<line hits="0" number="795"/>
						<line hits="0" number="796"/>
						<line hits="0" number="797"/>
						<line hits="0" number="798"/>
						<line hits="0" number="799"/>
						<line hits="0" number="800"/>
						<line hits="0" number="801"/>
						<line hits="0" number="802"/>
						<line hits="0" number="803"/>
						<line hits="0" number="804"/>
						<line hits="0" number="805"/>
						<line hits="0" number="806"/>
						<line hits="0" number="807"/>
						<line hits="0" number="808"/>
						<line hits="0" number="809"/>
						<line hits="0" number="810"/>
						<line hits="0" number="811"/>
						<line hits="0" number="812"/>
						<line hits="0" number="813"/>
						<line hits="0" number="814"/>
						<line hits="0" number="815"/>
						<line hits="0" number="816"/>
						<line hits="0" number="817"/>
						<line hits="0" number="818"/>
						<line hits="0" number="819"/>
						<line hits="0" number="820"/>
						<line hits="0" number="821"/>
						<line hits="0" number="822"/>
						<line hits="0" number="823"/>
						<line hits="0" number="824"/>
						<line hits="0" number="825"/>
						<line hits="0" number="826"/>
						<line hits="0" number="827"/>
						<line hits="0" number="828"/>
						<line hits="0" number="829"/>
						<line hits="0" number="830"/>
						<line hits="0" number="831"/>
						<line hits="0" number="832"/>
						<line hits="0" number="833"/>
						<line hits="0" number="834"/>
						<line hits="0" number="835"/>
						<line hits="0" number="836"/>
						<line hits="0" number="837"/>
						<line hits="0" number="838"/>
						<line hits="0" number="839"/>
						<line hits="0" number="840"/>
						<line hits="0" number="841"/>
						<line hits="0" number="842"/>
						<line hits="0" number="843"/>
						<line hits="0" number="844"/>
						<line hits="0" number="845"/>
						<line hits="0" number="847"/>
						<line hits="0" number="848"/>
						<line hits="0" number="849"/>
						<line hits="0" number="850"/>
						<line hits="0" number="851"/>
						<line hits="0" number="853"/>
						<line hits="0" number="854"/>
						<line hits="0" number="855"/>
						<line hits="0" number="856"/>
						<line hits="1" number="858"/>
						<line hits="0" number="859"/>
					</lines>
				</class>
				<class branch-rate="0" complexity="0" filename="policy_recommendation_job_test.py" line-rate="1" name="policy_recommendation_job_test.py">
					<methods/>
					<lines>
						<line hits="1" number="15"/>
						<line hits="1" number="16"/>
						<line hits="1" number="17"/>
						<line hits="1" number="18"/>
						<line hits="1" number="19"/>
						<line hits="1" number="21"/>
						<line hits="1" number="23"/>
						<line hits="1" number="38"/>
						<line hits="1" number="39"/>
						<line hits="1" number="40"/>
						<line hits="1" number="42"/>
						<line hits="1" number="57"/>
						<line hits="1" number="58"/>
						<line hits="1" number="60"/>
						<line hits="1" number="75"/>
						<line hits="1" number="76"/>
						<line hits="1" number="78"/>
						<line hits="1" number="105"/>
						<line hits="1" number="106"/>
						<line hits="1" number="107"/>
						<line hits="1" number="108"/>
						<line hits="1" number="110"/>
						<line hits="1" number="149"/>
						<line hits="1" number="150"/>
						<line hits="1" number="153"/>
						<line hits="1" number="154"/>
						<line hits="1" number="155"/>
						<line hits="1" number="163"/>
						<line hits="1" number="164"/>
						<line hits="1" number="165"/>
						<line hits="1" number="170"/>
						<line hits="1" number="171"/>
						<line hits="1" number="173"/>
						<line hits="1" number="175"/>
						<line hits="1" number="180"/>
						<line hits="1" number="181"/>
						<line hits="1" number="183"/>
						<line hits="1" number="219"/>
						<line hits="1" number="255"/>
						<line hits="1" number="282"/>
						<line hits="1" number="283"/>
						<line hits="1" number="284"/>
						<line hits="1" number="286"/>
						<line hits="1" number="293"/>
						<line hits="1" number="294"/>
						<line hits="1" number="296"/>
						<line hits="1" number="311"/>
						<line hits="1" number="312"/>
						<line hits="1" number="314"/>
						<line hits="1" number="338"/>
						<line hits="1" number="339"/>
						<line hits="1" number="340"/>
						<line hits="1" number="342"/>
						<line hits="1" number="410"/>
						<line hits="1" number="411"/>
						<line hits="1" number="412"/>
						<line hits="1" number="413"/>
						<line hits="1" number="414"/>
						<line hits="1" number="416"/>
						<line hits="1" number="417"/>
						<line hits="1" number="419"/>
						<line hits="1" number="451"/>
						<line hits="1" number="452"/>
						<line hits="1" number="453"/>
						<line hits="1" number="454"/>
						<line hits="1" number="455"/>
						<line hits="1" number="457"/>
						<line hits="1" number="458"/>
						<line hits="1" number="460"/>
						<line hits="1" number="471"/>
						<line hits="1" number="472"/>
						<line hits="1" number="473"/>
						<line hits="1" number="475"/>
						<line hits="1" number="482"/>
						<line hits="1" number="483"/>
						<line hits="1" number="484"/>
						<line hits="1" number="486"/>
						<line hits="1" number="569"/>
						<line hits="1" number="570"/>
						<line hits="1" number="571"/>
						<line hits="1" number="572"/>
						<line hits="1" number="573"/>
						<line hits="1" number="575"/>
						<line hits="1" number="576"/>
						<line hits="1" number="578"/>
						<line hits="1" number="611"/>
						<line hits="1" number="612"/>
						<line hits="1" number="613"/>
						<line hits="1" number="614"/>
						<line hits="1" number="615"/>
						<line hits="1" number="617"/>
						<line hits="1" number="618"/>
						<line hits="1" number="620"/>
						<line hits="1" number="712"/>
						<line hits="1" number="715"/>
						<line hits="1" number="716"/>
						<line hits="1" number="719"/>
						<line hits="1" number="720"/>
						<line hits="1" number="721"/>
						<line hits="1" number="727"/>
						<line hits="1" number="728"/>
						<line hits="1" number="729"/>
						<line hits="1" number="734"/>
						<line hits="1" number="735"/>
						<line hits="1" number="738"/>
						<line hits="1" number="1167"/>
						<line hits="1" number="1168"/>
						<line hits="1" number="1171"/>
						<line hits="1" number="1172"/>
						<line hits="1" number="1175"/>
						<line hits="1" number="1176"/>
						<line hits="1" number="1177"/>
						<line hits="1" number="1178"/>
						<line hits="1" number="1186"/>
						<line hits="1" number="1187"/>
						<line hits="1" number="1188"/>
						<line hits="1" number="1193"/>
						<line hits="1" number="1194"/>
						<line hits="1" number="1195"/>
						<line hits="1" number="1196"/>
						<line hits="1" number="1198"/>
						<line hits="1" number="1199"/>
						<line hits="1" number="1200"/>
						<line hits="1" number="1201"/>
						<line hits="1" number="1208"/>
						<line hits="1" number="1209"/>
						<line hits="1" number="1210"/>
						<line hits="1" number="1211"/>
						<line hits="1" number="1212"/>
						<line hits="1" number="1214"/>
						<line hits="1" number="1215"/>
						<line hits="1" number="1216"/>
					</lines>
				</class>
				<class branch-rate="0" complexity="0" filename="policy_recommendation_utils.py" line-rate="0.8148" name="policy_recommendation_utils.py">
					<methods/>
					<lines>
						<line hits="1" number="17"/>
						<line hits="1" number="18"/>
						<line hits="1" number="19"/>
						<line hits="1" number="20"/>
						<line hits="1" number="22"/>
						<line hits="0" number="23"/>
						<line hits="0" number="24"/>
						<line hits="0" number="25"/>
						<line hits="0" number="26"/>
						<line hits="0" number="27"/>
						<line hits="1" number="29"/>
						<line hits="1" number="30"/>
						<line hits="1" number="32"/>
						<line hits="1" number="33"/>
						<line hits="1" number="34"/>
						<line hits="1" number="36"/>
						<line hits="1" number="37"/>
						<line hits="1" number="38"/>
						<line hits="1" number="39"/>
						<line hits="1" number="40"/>
						<line hits="1" number="43"/>
						<line hits="1" number="44"/>
						<line hits="1" number="45"/>
						<line hits="1" number="46"/>
						<line hits="1" number="47"/>
						<line hits="1" number="49"/>
						<line hits="1" number="50"/>
					</lines>
				</class>
			</classes>
		</package>
	</packages>
</coverage>
